<?xml version="1.0" encoding="UTF-8"?>
<!-- Generated by org.testng.reporters.JUnitReportReporter -->
<testsuite skipped="0" hostname="LAPTOP-HHN7D2TC" name="com.ebanking.master.Grid" tests="1" failures="0" timestamp="2021-09-21T20:00:25 IST" time="22.334" errors="0">
  <testcase name="GD" time="22.334" classname="com.ebanking.master.Grid"/>
</testsuite> <!-- com.ebanking.master.Grid -->
