<?xml version="1.0" encoding="UTF-8"?>
<!-- Generated by org.testng.reporters.JUnitReportReporter -->
<testsuite skipped="0" hostname="LAPTOP-HHN7D2TC" name="com.ebanking.scripts.SampleNG" tests="2" failures="0" timestamp="2021-09-06T19:23:38 IST" time="32.976" errors="0">
  <testcase name="abc" time="16.139" classname="com.ebanking.scripts.SampleNG"/>
  <testcase name="bcd" time="16.837" classname="com.ebanking.scripts.SampleNG"/>
</testsuite> <!-- com.ebanking.scripts.SampleNG -->
